# JRE version: OpenJDK Runtime Environment Temurin-21.0.6+7 (21.0.6+7) (build 21.0.6+7-LTS)
# Java VM: OpenJDK 64-Bit Server VM Temurin-21.0.6+7 (21.0.6+7-LTS, mixed mode, sharing, tiered, compressed oops, compressed class ptrs, parallel gc, windows-amd64)
GC Precious Log:
 CardTable entry size: 512
 CPUs: 24 total, 24 available
 Memory: 32474M
 Large Page Support: Disabled
 NUMA Support: Disabled
 Compressed Oops: Enabled (32-bit)
 Alignments: Space 512K, Generation 512K, Heap 2M
 Heap Min Capacity: 100M
 Heap Initial Capacity: 100M
 Heap Max Capacity: 1G
 Pre-touch: Disabled
 Parallel Workers: 18
Heap:
 PSYoungGen      total 10752K, used 6078K [0x00000000eab00000, 0x00000000eb880000, 0x0000000100000000)
  eden space 8704K, 46% used [0x00000000eab00000,0x00000000eaeefbb0,0x00000000eb380000)
  from space 2048K, 99% used [0x00000000eb480000,0x00000000eb67fe08,0x00000000eb680000)
  to   space 2048K, 0% used [0x00000000eb680000,0x00000000eb680000,0x00000000eb880000)
 ParOldGen       total 141824K, used 141628K [0x00000000c0000000, 0x00000000c8a80000, 0x00000000eab00000)
  object space 141824K, 99% used [0x00000000c0000000,0x00000000c8a4f218,0x00000000c8a80000)
 Metaspace       used 72388K, committed 73920K, reserved 1114112K
  class space    used 8772K, committed 9472K, reserved 1048576K
GC Heap History (20 events):
Event: 42.814 GC heap before
{Heap before GC invocations=67 (full 3):
 PSYoungGen      total 14336K, used 13937K [0x00000000eab00000, 0x00000000ebc00000, 0x0000000100000000)
  eden space 11264K, 100% used [0x00000000eab00000,0x00000000eb600000,0x00000000eb600000)
  from space 3072K, 87% used [0x00000000eb600000,0x00000000eb89c610,0x00000000eb900000)
  to   space 3072K, 0% used [0x00000000eb900000,0x00000000eb900000,0x00000000ebc00000)
 ParOldGen       total 111616K, used 111256K [0x00000000c0000000, 0x00000000c6d00000, 0x00000000eab00000)
  object space 111616K, 99% used [0x00000000c0000000,0x00000000c6ca60c0,0x00000000c6d00000)
 Metaspace       used 72383K, committed 73920K, reserved 1114112K
  class space    used 8772K, committed 9472K, reserved 1048576K
}
Event: 42.815 GC heap after
{Heap after GC invocations=67 (full 3):
 PSYoungGen      total 14336K, used 2735K [0x00000000eab00000, 0x00000000ebc00000, 0x0000000100000000)
  eden space 11264K, 0% used [0x00000000eab00000,0x00000000eab00000,0x00000000eb600000)
  from space 3072K, 89% used [0x00000000eb900000,0x00000000ebbabea0,0x00000000ebc00000)
  to   space 3072K, 0% used [0x00000000eb600000,0x00000000eb600000,0x00000000eb900000)
 ParOldGen       total 114176K, used 113676K [0x00000000c0000000, 0x00000000c6f80000, 0x00000000eab00000)
  object space 114176K, 99% used [0x00000000c0000000,0x00000000c6f03190,0x00000000c6f80000)
 Metaspace       used 72383K, committed 73920K, reserved 1114112K
  class space    used 8772K, committed 9472K, reserved 1048576K
}
Event: 42.836 GC heap before
{Heap before GC invocations=68 (full 3):
 PSYoungGen      total 14336K, used 13999K [0x00000000eab00000, 0x00000000ebc00000, 0x0000000100000000)
  eden space 11264K, 100% used [0x00000000eab00000,0x00000000eb600000,0x00000000eb600000)
  from space 3072K, 89% used [0x00000000eb900000,0x00000000ebbabea0,0x00000000ebc00000)
  to   space 3072K, 0% used [0x00000000eb600000,0x00000000eb600000,0x00000000eb900000)
 ParOldGen       total 114176K, used 113676K [0x00000000c0000000, 0x00000000c6f80000, 0x00000000eab00000)
  object space 114176K, 99% used [0x00000000c0000000,0x00000000c6f03190,0x00000000c6f80000)
 Metaspace       used 72383K, committed 73920K, reserved 1114112K
  class space    used 8772K, committed 9472K, reserved 1048576K
}
Event: 42.837 GC heap after
{Heap after GC invocations=68 (full 3):
 PSYoungGen      total 14336K, used 3051K [0x00000000eab00000, 0x00000000ec200000, 0x0000000100000000)
  eden space 11264K, 0% used [0x00000000eab00000,0x00000000eab00000,0x00000000eb600000)
  from space 3072K, 99% used [0x00000000eb600000,0x00000000eb8fae20,0x00000000eb900000)
  to   space 6144K, 0% used [0x00000000ebc00000,0x00000000ebc00000,0x00000000ec200000)
 ParOldGen       total 116224K, used 116151K [0x00000000c0000000, 0x00000000c7180000, 0x00000000eab00000)
  object space 116224K, 99% used [0x00000000c0000000,0x00000000c716dd60,0x00000000c7180000)
 Metaspace       used 72383K, committed 73920K, reserved 1114112K
  class space    used 8772K, committed 9472K, reserved 1048576K
}
Event: 42.864 GC heap before
{Heap before GC invocations=69 (full 3):
 PSYoungGen      total 14336K, used 14315K [0x00000000eab00000, 0x00000000ec200000, 0x0000000100000000)
  eden space 11264K, 100% used [0x00000000eab00000,0x00000000eb600000,0x00000000eb600000)
  from space 3072K, 99% used [0x00000000eb600000,0x00000000eb8fae20,0x00000000eb900000)
  to   space 6144K, 0% used [0x00000000ebc00000,0x00000000ebc00000,0x00000000ec200000)
 ParOldGen       total 116224K, used 116151K [0x00000000c0000000, 0x00000000c7180000, 0x00000000eab00000)
  object space 116224K, 99% used [0x00000000c0000000,0x00000000c716dd60,0x00000000c7180000)
 Metaspace       used 72383K, committed 73920K, reserved 1114112K
  class space    used 8772K, committed 9472K, reserved 1048576K
}
Event: 42.865 GC heap after
{Heap after GC invocations=69 (full 3):
 PSYoungGen      total 14336K, used 2786K [0x00000000eab00000, 0x00000000ebf00000, 0x0000000100000000)
  eden space 11264K, 0% used [0x00000000eab00000,0x00000000eab00000,0x00000000eb600000)
  from space 3072K, 90% used [0x00000000ebc00000,0x00000000ebeb89f8,0x00000000ebf00000)
  to   space 4096K, 0% used [0x00000000eb700000,0x00000000eb700000,0x00000000ebb00000)
 ParOldGen       total 119296K, used 118819K [0x00000000c0000000, 0x00000000c7480000, 0x00000000eab00000)
  object space 119296K, 99% used [0x00000000c0000000,0x00000000c7408d10,0x00000000c7480000)
 Metaspace       used 72383K, committed 73920K, reserved 1114112K
  class space    used 8772K, committed 9472K, reserved 1048576K
}
Event: 42.888 GC heap before
{Heap before GC invocations=70 (full 3):
 PSYoungGen      total 14336K, used 12941K [0x00000000eab00000, 0x00000000ebf00000, 0x0000000100000000)
  eden space 11264K, 90% used [0x00000000eab00000,0x00000000eb4eaae8,0x00000000eb600000)
  from space 3072K, 90% used [0x00000000ebc00000,0x00000000ebeb89f8,0x00000000ebf00000)
  to   space 4096K, 0% used [0x00000000eb700000,0x00000000eb700000,0x00000000ebb00000)
 ParOldGen       total 119296K, used 118819K [0x00000000c0000000, 0x00000000c7480000, 0x00000000eab00000)
  object space 119296K, 99% used [0x00000000c0000000,0x00000000c7408d10,0x00000000c7480000)
 Metaspace       used 72383K, committed 73920K, reserved 1114112K
  class space    used 8772K, committed 9472K, reserved 1048576K
}
Event: 42.890 GC heap after
{Heap after GC invocations=70 (full 3):
 PSYoungGen      total 14336K, used 2721K [0x00000000eab00000, 0x00000000ebc80000, 0x0000000100000000)
  eden space 11264K, 0% used [0x00000000eab00000,0x00000000eab00000,0x00000000eb600000)
  from space 3072K, 88% used [0x00000000eb700000,0x00000000eb9a8680,0x00000000eba00000)
  to   space 2560K, 0% used [0x00000000eba00000,0x00000000eba00000,0x00000000ebc80000)
 ParOldGen       total 121856K, used 121383K [0x00000000c0000000, 0x00000000c7700000, 0x00000000eab00000)
  object space 121856K, 99% used [0x00000000c0000000,0x00000000c7689ed0,0x00000000c7700000)
 Metaspace       used 72383K, committed 73920K, reserved 1114112K
  class space    used 8772K, committed 9472K, reserved 1048576K
}
Event: 42.923 GC heap before
{Heap before GC invocations=71 (full 3):
 PSYoungGen      total 14336K, used 13985K [0x00000000eab00000, 0x00000000ebc80000, 0x0000000100000000)
  eden space 11264K, 100% used [0x00000000eab00000,0x00000000eb600000,0x00000000eb600000)
  from space 3072K, 88% used [0x00000000eb700000,0x00000000eb9a8680,0x00000000eba00000)
  to   space 2560K, 0% used [0x00000000eba00000,0x00000000eba00000,0x00000000ebc80000)
 ParOldGen       total 121856K, used 121383K [0x00000000c0000000, 0x00000000c7700000, 0x00000000eab00000)
  object space 121856K, 99% used [0x00000000c0000000,0x00000000c7689ed0,0x00000000c7700000)
 Metaspace       used 72384K, committed 73920K, reserved 1114112K
  class space    used 8772K, committed 9472K, reserved 1048576K
}
Event: 42.926 GC heap after
{Heap after GC invocations=71 (full 3):
 PSYoungGen      total 13824K, used 2294K [0x00000000eab00000, 0x00000000ebc80000, 0x0000000100000000)
  eden space 11264K, 0% used [0x00000000eab00000,0x00000000eab00000,0x00000000eb600000)
  from space 2560K, 89% used [0x00000000eba00000,0x00000000ebc3db88,0x00000000ebc80000)
  to   space 2560K, 0% used [0x00000000eb780000,0x00000000eb780000,0x00000000eba00000)
 ParOldGen       total 125952K, used 125513K [0x00000000c0000000, 0x00000000c7b00000, 0x00000000eab00000)
  object space 125952K, 99% used [0x00000000c0000000,0x00000000c7a92430,0x00000000c7b00000)
 Metaspace       used 72384K, committed 73920K, reserved 1114112K
  class space    used 8772K, committed 9472K, reserved 1048576K
}
Event: 42.942 GC heap before
{Heap before GC invocations=72 (full 3):
 PSYoungGen      total 13824K, used 13558K [0x00000000eab00000, 0x00000000ebc80000, 0x0000000100000000)
  eden space 11264K, 100% used [0x00000000eab00000,0x00000000eb600000,0x00000000eb600000)
  from space 2560K, 89% used [0x00000000eba00000,0x00000000ebc3db88,0x00000000ebc80000)
  to   space 2560K, 0% used [0x00000000eb780000,0x00000000eb780000,0x00000000eba00000)
 ParOldGen       total 125952K, used 125513K [0x00000000c0000000, 0x00000000c7b00000, 0x00000000eab00000)
  object space 125952K, 99% used [0x00000000c0000000,0x00000000c7a92430,0x00000000c7b00000)
 Metaspace       used 72384K, committed 73920K, reserved 1114112K
  class space    used 8772K, committed 9472K, reserved 1048576K
}
Event: 42.944 GC heap after
{Heap after GC invocations=72 (full 3):
 PSYoungGen      total 13824K, used 2555K [0x00000000eab00000, 0x00000000ec100000, 0x0000000100000000)
  eden space 11264K, 0% used [0x00000000eab00000,0x00000000eab00000,0x00000000eb600000)
  from space 2560K, 99% used [0x00000000eb780000,0x00000000eb9fecd8,0x00000000eba00000)
  to   space 5632K, 0% used [0x00000000ebb80000,0x00000000ebb80000,0x00000000ec100000)
 ParOldGen       total 128000K, used 127733K [0x00000000c0000000, 0x00000000c7d00000, 0x00000000eab00000)
  object space 128000K, 99% used [0x00000000c0000000,0x00000000c7cbd410,0x00000000c7d00000)
 Metaspace       used 72384K, committed 73920K, reserved 1114112K
  class space    used 8772K, committed 9472K, reserved 1048576K
}
Event: 42.967 GC heap before
{Heap before GC invocations=73 (full 3):
 PSYoungGen      total 13824K, used 13819K [0x00000000eab00000, 0x00000000ec100000, 0x0000000100000000)
  eden space 11264K, 100% used [0x00000000eab00000,0x00000000eb600000,0x00000000eb600000)
  from space 2560K, 99% used [0x00000000eb780000,0x00000000eb9fecd8,0x00000000eba00000)
  to   space 5632K, 0% used [0x00000000ebb80000,0x00000000ebb80000,0x00000000ec100000)
 ParOldGen       total 128000K, used 127733K [0x00000000c0000000, 0x00000000c7d00000, 0x00000000eab00000)
  object space 128000K, 99% used [0x00000000c0000000,0x00000000c7cbd410,0x00000000c7d00000)
 Metaspace       used 72387K, committed 73920K, reserved 1114112K
  class space    used 8772K, committed 9472K, reserved 1048576K
}
Event: 42.969 GC heap after
{Heap after GC invocations=73 (full 3):
 PSYoungGen      total 14336K, used 2923K [0x00000000eab00000, 0x00000000ebe80000, 0x0000000100000000)
  eden space 11264K, 0% used [0x00000000eab00000,0x00000000eab00000,0x00000000eb600000)
  from space 3072K, 95% used [0x00000000ebb80000,0x00000000ebe5afb8,0x00000000ebe80000)
  to   space 4096K, 0% used [0x00000000eb680000,0x00000000eb680000,0x00000000eba80000)
 ParOldGen       total 130560K, used 130144K [0x00000000c0000000, 0x00000000c7f80000, 0x00000000eab00000)
  object space 130560K, 99% used [0x00000000c0000000,0x00000000c7f183b8,0x00000000c7f80000)
 Metaspace       used 72387K, committed 73920K, reserved 1114112K
  class space    used 8772K, committed 9472K, reserved 1048576K
}
Event: 42.994 GC heap before
{Heap before GC invocations=74 (full 3):
 PSYoungGen      total 14336K, used 14187K [0x00000000eab00000, 0x00000000ebe80000, 0x0000000100000000)
  eden space 11264K, 100% used [0x00000000eab00000,0x00000000eb600000,0x00000000eb600000)
  from space 3072K, 95% used [0x00000000ebb80000,0x00000000ebe5afb8,0x00000000ebe80000)
  to   space 4096K, 0% used [0x00000000eb680000,0x00000000eb680000,0x00000000eba80000)
 ParOldGen       total 130560K, used 130144K [0x00000000c0000000, 0x00000000c7f80000, 0x00000000eab00000)
  object space 130560K, 99% used [0x00000000c0000000,0x00000000c7f183b8,0x00000000c7f80000)
 Metaspace       used 72387K, committed 73920K, reserved 1114112K
  class space    used 8772K, committed 9472K, reserved 1048576K
}
Event: 42.995 GC heap after
{Heap after GC invocations=74 (full 3):
 PSYoungGen      total 14336K, used 2783K [0x00000000eab00000, 0x00000000ebc00000, 0x0000000100000000)
  eden space 11264K, 0% used [0x00000000eab00000,0x00000000eab00000,0x00000000eb600000)
  from space 3072K, 90% used [0x00000000eb680000,0x00000000eb937e78,0x00000000eb980000)
  to   space 2560K, 0% used [0x00000000eb980000,0x00000000eb980000,0x00000000ebc00000)
 ParOldGen       total 133120K, used 132708K [0x00000000c0000000, 0x00000000c8200000, 0x00000000eab00000)
  object space 133120K, 99% used [0x00000000c0000000,0x00000000c8199338,0x00000000c8200000)
 Metaspace       used 72387K, committed 73920K, reserved 1114112K
  class space    used 8772K, committed 9472K, reserved 1048576K
}
Event: 43.012 GC heap before
{Heap before GC invocations=75 (full 3):
 PSYoungGen      total 14336K, used 14047K [0x00000000eab00000, 0x00000000ebc00000, 0x0000000100000000)
  eden space 11264K, 100% used [0x00000000eab00000,0x00000000eb600000,0x00000000eb600000)
  from space 3072K, 90% used [0x00000000eb680000,0x00000000eb937e78,0x00000000eb980000)
  to   space 2560K, 0% used [0x00000000eb980000,0x00000000eb980000,0x00000000ebc00000)
 ParOldGen       total 133120K, used 132708K [0x00000000c0000000, 0x00000000c8200000, 0x00000000eab00000)
  object space 133120K, 99% used [0x00000000c0000000,0x00000000c8199338,0x00000000c8200000)
 Metaspace       used 72387K, committed 73920K, reserved 1114112K
  class space    used 8772K, committed 9472K, reserved 1048576K
}
Event: 43.014 GC heap after
{Heap after GC invocations=75 (full 3):
 PSYoungGen      total 11264K, used 2539K [0x00000000eab00000, 0x00000000ec200000, 0x0000000100000000)
  eden space 8704K, 0% used [0x00000000eab00000,0x00000000eab00000,0x00000000eb380000)
  from space 2560K, 99% used [0x00000000eb980000,0x00000000ebbfaf78,0x00000000ebc00000)
  to   space 6144K, 0% used [0x00000000eb380000,0x00000000eb380000,0x00000000eb980000)
 ParOldGen       total 135680K, used 135388K [0x00000000c0000000, 0x00000000c8480000, 0x00000000eab00000)
  object space 135680K, 99% used [0x00000000c0000000,0x00000000c8437100,0x00000000c8480000)
 Metaspace       used 72387K, committed 73920K, reserved 1114112K
  class space    used 8772K, committed 9472K, reserved 1048576K
}
Event: 43.038 GC heap before
{Heap before GC invocations=76 (full 3):
 PSYoungGen      total 11264K, used 11243K [0x00000000eab00000, 0x00000000ec200000, 0x0000000100000000)
  eden space 8704K, 100% used [0x00000000eab00000,0x00000000eb380000,0x00000000eb380000)
  from space 2560K, 99% used [0x00000000eb980000,0x00000000ebbfaf78,0x00000000ebc00000)
  to   space 6144K, 0% used [0x00000000eb380000,0x00000000eb380000,0x00000000eb980000)
 ParOldGen       total 135680K, used 135388K [0x00000000c0000000, 0x00000000c8480000, 0x00000000eab00000)
  object space 135680K, 99% used [0x00000000c0000000,0x00000000c8437100,0x00000000c8480000)
 Metaspace       used 72387K, committed 73920K, reserved 1114112K
  class space    used 8772K, committed 9472K, reserved 1048576K
}
Event: 43.040 GC heap after
{Heap after GC invocations=76 (full 3):
 PSYoungGen      total 10752K, used 2037K [0x00000000eab00000, 0x00000000eba80000, 0x0000000100000000)
  eden space 8704K, 0% used [0x00000000eab00000,0x00000000eab00000,0x00000000eb380000)
  from space 2048K, 99% used [0x00000000eb380000,0x00000000eb57d778,0x00000000eb580000)
  to   space 3584K, 0% used [0x00000000eb700000,0x00000000eb700000,0x00000000eba80000)
 ParOldGen       total 138240K, used 137765K [0x00000000c0000000, 0x00000000c8700000, 0x00000000eab00000)
  object space 138240K, 99% used [0x00000000c0000000,0x00000000c86896e0,0x00000000c8700000)
 Metaspace       used 72387K, committed 73920K, reserved 1114112K
  class space    used 8772K, committed 9472K, reserved 1048576K
}

