# JRE version: OpenJDK Runtime Environment Temurin-21.0.6+7 (21.0.6+7) (build 21.0.6+7-LTS)
# Java VM: OpenJDK 64-Bit Server VM Temurin-21.0.6+7 (21.0.6+7-LTS, mixed mode, sharing, tiered, compressed oops, compressed class ptrs, parallel gc, windows-amd64)
GC Precious Log:
 CardTable entry size: 512
 CPUs: 24 total, 24 available
 Memory: 32474M
 Large Page Support: Disabled
 NUMA Support: Disabled
 Compressed Oops: Enabled (32-bit)
 Alignments: Space 512K, Generation 512K, Heap 2M
 Heap Min Capacity: 100M
 Heap Initial Capacity: 100M
 Heap Max Capacity: 1G
 Pre-touch: Disabled
 Parallel Workers: 18
Heap:
 PSYoungGen      total 8704K, used 4734K [0x00000000eab00000, 0x00000000eb680000, 0x0000000100000000)
  eden space 5632K, 36% used [0x00000000eab00000,0x00000000eacfb380,0x00000000eb080000)
  from space 3072K, 88% used [0x00000000eb380000,0x00000000eb624808,0x00000000eb680000)
  to   space 3072K, 0% used [0x00000000eb080000,0x00000000eb080000,0x00000000eb380000)
 ParOldGen       total 429568K, used 429474K [0x00000000c0000000, 0x00000000da380000, 0x00000000eab00000)
  object space 429568K, 99% used [0x00000000c0000000,0x00000000da368a48,0x00000000da380000)
 Metaspace       used 84757K, committed 86464K, reserved 1179648K
  class space    used 9974K, committed 10752K, reserved 1048576K
GC Heap History (20 events):
Event: 26.847 GC heap before
{Heap before GC invocations=1450 (full 4):
 PSYoungGen      total 3584K, used 3199K [0x00000000eab00000, 0x00000000eaf80000, 0x0000000100000000)
  eden space 2560K, 99% used [0x00000000eab00000,0x00000000ead7fff8,0x00000000ead80000)
  from space 1024K, 62% used [0x00000000eae80000,0x00000000eaf20000,0x00000000eaf80000)
  to   space 1024K, 0% used [0x00000000ead80000,0x00000000ead80000,0x00000000eae80000)
 ParOldGen       total 409600K, used 409287K [0x00000000c0000000, 0x00000000d9000000, 0x00000000eab00000)
  object space 409600K, 99% used [0x00000000c0000000,0x00000000d8fb1fb0,0x00000000d9000000)
 Metaspace       used 84707K, committed 86400K, reserved 1179648K
  class space    used 9972K, committed 10752K, reserved 1048576K
}
Event: 26.848 GC heap after
{Heap after GC invocations=1450 (full 4):
 PSYoungGen      total 3584K, used 997K [0x00000000eab00000, 0x00000000eb080000, 0x0000000100000000)
  eden space 2560K, 0% used [0x00000000eab00000,0x00000000eab00000,0x00000000ead80000)
  from space 1024K, 97% used [0x00000000ead80000,0x00000000eae79538,0x00000000eae80000)
  to   space 1536K, 0% used [0x00000000eaf00000,0x00000000eaf00000,0x00000000eb080000)
 ParOldGen       total 409600K, used 409495K [0x00000000c0000000, 0x00000000d9000000, 0x00000000eab00000)
  object space 409600K, 99% used [0x00000000c0000000,0x00000000d8fe5fb0,0x00000000d9000000)
 Metaspace       used 84707K, committed 86400K, reserved 1179648K
  class space    used 9972K, committed 10752K, reserved 1048576K
}
Event: 26.850 GC heap before
{Heap before GC invocations=1451 (full 4):
 PSYoungGen      total 3584K, used 3557K [0x00000000eab00000, 0x00000000eb080000, 0x0000000100000000)
  eden space 2560K, 100% used [0x00000000eab00000,0x00000000ead80000,0x00000000ead80000)
  from space 1024K, 97% used [0x00000000ead80000,0x00000000eae79538,0x00000000eae80000)
  to   space 1536K, 0% used [0x00000000eaf00000,0x00000000eaf00000,0x00000000eb080000)
 ParOldGen       total 409600K, used 409495K [0x00000000c0000000, 0x00000000d9000000, 0x00000000eab00000)
  object space 409600K, 99% used [0x00000000c0000000,0x00000000d8fe5fb0,0x00000000d9000000)
 Metaspace       used 84708K, committed 86400K, reserved 1179648K
  class space    used 9972K, committed 10752K, reserved 1048576K
}
Event: 26.851 GC heap after
{Heap after GC invocations=1451 (full 4):
 PSYoungGen      total 4096K, used 1184K [0x00000000eab00000, 0x00000000eb080000, 0x0000000100000000)
  eden space 2560K, 0% used [0x00000000eab00000,0x00000000eab00000,0x00000000ead80000)
  from space 1536K, 77% used [0x00000000eaf00000,0x00000000eb028000,0x00000000eb080000)
  to   space 1536K, 0% used [0x00000000ead80000,0x00000000ead80000,0x00000000eaf00000)
 ParOldGen       total 410624K, used 410509K [0x00000000c0000000, 0x00000000d9100000, 0x00000000eab00000)
  object space 410624K, 99% used [0x00000000c0000000,0x00000000d90e3628,0x00000000d9100000)
 Metaspace       used 84708K, committed 86400K, reserved 1179648K
  class space    used 9972K, committed 10752K, reserved 1048576K
}
Event: 26.852 GC heap before
{Heap before GC invocations=1452 (full 4):
 PSYoungGen      total 4096K, used 3744K [0x00000000eab00000, 0x00000000eb080000, 0x0000000100000000)
  eden space 2560K, 100% used [0x00000000eab00000,0x00000000ead80000,0x00000000ead80000)
  from space 1536K, 77% used [0x00000000eaf00000,0x00000000eb028000,0x00000000eb080000)
  to   space 1536K, 0% used [0x00000000ead80000,0x00000000ead80000,0x00000000eaf00000)
 ParOldGen       total 410624K, used 410509K [0x00000000c0000000, 0x00000000d9100000, 0x00000000eab00000)
  object space 410624K, 99% used [0x00000000c0000000,0x00000000d90e3628,0x00000000d9100000)
 Metaspace       used 84708K, committed 86400K, reserved 1179648K
  class space    used 9972K, committed 10752K, reserved 1048576K
}
Event: 26.853 GC heap after
{Heap after GC invocations=1452 (full 4):
 PSYoungGen      total 4096K, used 1184K [0x00000000eab00000, 0x00000000eb080000, 0x0000000100000000)
  eden space 2560K, 0% used [0x00000000eab00000,0x00000000eab00000,0x00000000ead80000)
  from space 1536K, 77% used [0x00000000ead80000,0x00000000eaea8000,0x00000000eaf00000)
  to   space 1536K, 0% used [0x00000000eaf00000,0x00000000eaf00000,0x00000000eb080000)
 ParOldGen       total 411648K, used 411389K [0x00000000c0000000, 0x00000000d9200000, 0x00000000eab00000)
  object space 411648K, 99% used [0x00000000c0000000,0x00000000d91bf628,0x00000000d9200000)
 Metaspace       used 84708K, committed 86400K, reserved 1179648K
  class space    used 9972K, committed 10752K, reserved 1048576K
}
Event: 26.855 GC heap before
{Heap before GC invocations=1453 (full 4):
 PSYoungGen      total 4096K, used 3502K [0x00000000eab00000, 0x00000000eb080000, 0x0000000100000000)
  eden space 2560K, 90% used [0x00000000eab00000,0x00000000ead43820,0x00000000ead80000)
  from space 1536K, 77% used [0x00000000ead80000,0x00000000eaea8000,0x00000000eaf00000)
  to   space 1536K, 0% used [0x00000000eaf00000,0x00000000eaf00000,0x00000000eb080000)
 ParOldGen       total 411648K, used 411389K [0x00000000c0000000, 0x00000000d9200000, 0x00000000eab00000)
  object space 411648K, 99% used [0x00000000c0000000,0x00000000d91bf628,0x00000000d9200000)
 Metaspace       used 84711K, committed 86400K, reserved 1179648K
  class space    used 9973K, committed 10752K, reserved 1048576K
}
Event: 26.856 GC heap after
{Heap after GC invocations=1453 (full 4):
 PSYoungGen      total 4096K, used 1152K [0x00000000eab00000, 0x00000000eb100000, 0x0000000100000000)
  eden space 2560K, 0% used [0x00000000eab00000,0x00000000eab00000,0x00000000ead80000)
  from space 1536K, 75% used [0x00000000eaf00000,0x00000000eb020000,0x00000000eb080000)
  to   space 1536K, 0% used [0x00000000ead80000,0x00000000ead80000,0x00000000eaf00000)
 ParOldGen       total 412672K, used 412301K [0x00000000c0000000, 0x00000000d9300000, 0x00000000eab00000)
  object space 412672K, 99% used [0x00000000c0000000,0x00000000d92a3628,0x00000000d9300000)
 Metaspace       used 84711K, committed 86400K, reserved 1179648K
  class space    used 9973K, committed 10752K, reserved 1048576K
}
Event: 26.858 GC heap before
{Heap before GC invocations=1454 (full 4):
 PSYoungGen      total 4096K, used 3712K [0x00000000eab00000, 0x00000000eb100000, 0x0000000100000000)
  eden space 2560K, 100% used [0x00000000eab00000,0x00000000ead80000,0x00000000ead80000)
  from space 1536K, 75% used [0x00000000eaf00000,0x00000000eb020000,0x00000000eb080000)
  to   space 1536K, 0% used [0x00000000ead80000,0x00000000ead80000,0x00000000eaf00000)
 ParOldGen       total 412672K, used 412301K [0x00000000c0000000, 0x00000000d9300000, 0x00000000eab00000)
  object space 412672K, 99% used [0x00000000c0000000,0x00000000d92a3628,0x00000000d9300000)
 Metaspace       used 84712K, committed 86400K, reserved 1179648K
  class space    used 9973K, committed 10752K, reserved 1048576K
}
Event: 26.859 GC heap after
{Heap after GC invocations=1454 (full 4):
 PSYoungGen      total 4096K, used 1525K [0x00000000eab00000, 0x00000000eb600000, 0x0000000100000000)
  eden space 2560K, 0% used [0x00000000eab00000,0x00000000eab00000,0x00000000ead80000)
  from space 1536K, 99% used [0x00000000ead80000,0x00000000eaefd5f0,0x00000000eaf00000)
  to   space 4096K, 0% used [0x00000000eb200000,0x00000000eb200000,0x00000000eb600000)
 ParOldGen       total 414208K, used 414173K [0x00000000c0000000, 0x00000000d9480000, 0x00000000eab00000)
  object space 414208K, 99% used [0x00000000c0000000,0x00000000d9477628,0x00000000d9480000)
 Metaspace       used 84712K, committed 86400K, reserved 1179648K
  class space    used 9973K, committed 10752K, reserved 1048576K
}
Event: 26.862 GC heap before
{Heap before GC invocations=1455 (full 4):
 PSYoungGen      total 4096K, used 4085K [0x00000000eab00000, 0x00000000eb600000, 0x0000000100000000)
  eden space 2560K, 100% used [0x00000000eab00000,0x00000000ead80000,0x00000000ead80000)
  from space 1536K, 99% used [0x00000000ead80000,0x00000000eaefd5f0,0x00000000eaf00000)
  to   space 4096K, 0% used [0x00000000eb200000,0x00000000eb200000,0x00000000eb600000)
 ParOldGen       total 414208K, used 414173K [0x00000000c0000000, 0x00000000d9480000, 0x00000000eab00000)
  object space 414208K, 99% used [0x00000000c0000000,0x00000000d9477628,0x00000000d9480000)
 Metaspace       used 84712K, committed 86400K, reserved 1179648K
  class space    used 9973K, committed 10752K, reserved 1048576K
}
Event: 26.864 GC heap after
{Heap after GC invocations=1455 (full 4):
 PSYoungGen      total 6144K, used 2592K [0x00000000eab00000, 0x00000000eb500000, 0x0000000100000000)
  eden space 3072K, 0% used [0x00000000eab00000,0x00000000eab00000,0x00000000eae00000)
  from space 3072K, 84% used [0x00000000eb200000,0x00000000eb488000,0x00000000eb500000)
  to   space 3072K, 0% used [0x00000000eaf00000,0x00000000eaf00000,0x00000000eb200000)
 ParOldGen       total 415744K, used 415731K [0x00000000c0000000, 0x00000000d9600000, 0x00000000eab00000)
  object space 415744K, 99% used [0x00000000c0000000,0x00000000d95fcc18,0x00000000d9600000)
 Metaspace       used 84712K, committed 86400K, reserved 1179648K
  class space    used 9973K, committed 10752K, reserved 1048576K
}
Event: 26.868 GC heap before
{Heap before GC invocations=1456 (full 4):
 PSYoungGen      total 6144K, used 5664K [0x00000000eab00000, 0x00000000eb500000, 0x0000000100000000)
  eden space 3072K, 100% used [0x00000000eab00000,0x00000000eae00000,0x00000000eae00000)
  from space 3072K, 84% used [0x00000000eb200000,0x00000000eb488000,0x00000000eb500000)
  to   space 3072K, 0% used [0x00000000eaf00000,0x00000000eaf00000,0x00000000eb200000)
 ParOldGen       total 415744K, used 415731K [0x00000000c0000000, 0x00000000d9600000, 0x00000000eab00000)
  object space 415744K, 99% used [0x00000000c0000000,0x00000000d95fcc18,0x00000000d9600000)
 Metaspace       used 84718K, committed 86400K, reserved 1179648K
  class space    used 9973K, committed 10752K, reserved 1048576K
}
Event: 26.869 GC heap after
{Heap after GC invocations=1456 (full 4):
 PSYoungGen      total 7168K, used 3067K [0x00000000eab00000, 0x00000000ebc00000, 0x0000000100000000)
  eden space 4096K, 0% used [0x00000000eab00000,0x00000000eab00000,0x00000000eaf00000)
  from space 3072K, 99% used [0x00000000eaf00000,0x00000000eb1fec20,0x00000000eb200000)
  to   space 6656K, 0% used [0x00000000eb580000,0x00000000eb580000,0x00000000ebc00000)
 ParOldGen       total 418816K, used 418443K [0x00000000c0000000, 0x00000000d9900000, 0x00000000eab00000)
  object space 418816K, 99% used [0x00000000c0000000,0x00000000d98a2c18,0x00000000d9900000)
 Metaspace       used 84718K, committed 86400K, reserved 1179648K
  class space    used 9973K, committed 10752K, reserved 1048576K
}
Event: 26.875 GC heap before
{Heap before GC invocations=1457 (full 4):
 PSYoungGen      total 7168K, used 7163K [0x00000000eab00000, 0x00000000ebc00000, 0x0000000100000000)
  eden space 4096K, 100% used [0x00000000eab00000,0x00000000eaf00000,0x00000000eaf00000)
  from space 3072K, 99% used [0x00000000eaf00000,0x00000000eb1fec20,0x00000000eb200000)
  to   space 6656K, 0% used [0x00000000eb580000,0x00000000eb580000,0x00000000ebc00000)
 ParOldGen       total 418816K, used 418443K [0x00000000c0000000, 0x00000000d9900000, 0x00000000eab00000)
  object space 418816K, 99% used [0x00000000c0000000,0x00000000d98a2c18,0x00000000d9900000)
 Metaspace       used 84734K, committed 86464K, reserved 1179648K
  class space    used 9973K, committed 10752K, reserved 1048576K
}
Event: 26.876 GC heap after
{Heap after GC invocations=1457 (full 4):
 PSYoungGen      total 9216K, used 3596K [0x00000000eab00000, 0x00000000eb980000, 0x0000000100000000)
  eden space 5120K, 0% used [0x00000000eab00000,0x00000000eab00000,0x00000000eb000000)
  from space 4096K, 87% used [0x00000000eb580000,0x00000000eb903108,0x00000000eb980000)
  to   space 4608K, 0% used [0x00000000eb080000,0x00000000eb080000,0x00000000eb500000)
 ParOldGen       total 420352K, used 419947K [0x00000000c0000000, 0x00000000d9a80000, 0x00000000eab00000)
  object space 420352K, 99% used [0x00000000c0000000,0x00000000d9a1aef0,0x00000000d9a80000)
 Metaspace       used 84734K, committed 86464K, reserved 1179648K
  class space    used 9973K, committed 10752K, reserved 1048576K
}
Event: 26.891 GC heap before
{Heap before GC invocations=1458 (full 4):
 PSYoungGen      total 9216K, used 8400K [0x00000000eab00000, 0x00000000eb980000, 0x0000000100000000)
  eden space 5120K, 93% used [0x00000000eab00000,0x00000000eafb0f80,0x00000000eb000000)
  from space 4096K, 87% used [0x00000000eb580000,0x00000000eb903108,0x00000000eb980000)
  to   space 4608K, 0% used [0x00000000eb080000,0x00000000eb080000,0x00000000eb500000)
 ParOldGen       total 420352K, used 419947K [0x00000000c0000000, 0x00000000d9a80000, 0x00000000eab00000)
  object space 420352K, 99% used [0x00000000c0000000,0x00000000d9a1aef0,0x00000000d9a80000)
 Metaspace       used 84746K, committed 86464K, reserved 1179648K
  class space    used 9974K, committed 10752K, reserved 1048576K
}
Event: 26.893 GC heap after
{Heap after GC invocations=1458 (full 4):
 PSYoungGen      total 8704K, used 2818K [0x00000000eab00000, 0x00000000eb800000, 0x0000000100000000)
  eden space 5632K, 0% used [0x00000000eab00000,0x00000000eab00000,0x00000000eb080000)
  from space 3072K, 91% used [0x00000000eb080000,0x00000000eb340b58,0x00000000eb380000)
  to   space 3584K, 0% used [0x00000000eb480000,0x00000000eb480000,0x00000000eb800000)
 ParOldGen       total 423424K, used 423066K [0x00000000c0000000, 0x00000000d9d80000, 0x00000000eab00000)
  object space 423424K, 99% used [0x00000000c0000000,0x00000000d9d26840,0x00000000d9d80000)
 Metaspace       used 84746K, committed 86464K, reserved 1179648K
  class space    used 9974K, committed 10752K, reserved 1048576K
}
Event: 26.908 GC heap before
{Heap before GC invocations=1459 (full 4):
 PSYoungGen      total 8704K, used 8450K [0x00000000eab00000, 0x00000000eb800000, 0x0000000100000000)
  eden space 5632K, 100% used [0x00000000eab00000,0x00000000eb080000,0x00000000eb080000)
  from space 3072K, 91% used [0x00000000eb080000,0x00000000eb340b58,0x00000000eb380000)
  to   space 3584K, 0% used [0x00000000eb480000,0x00000000eb480000,0x00000000eb800000)
 ParOldGen       total 423424K, used 423066K [0x00000000c0000000, 0x00000000d9d80000, 0x00000000eab00000)
  object space 423424K, 99% used [0x00000000c0000000,0x00000000d9d26840,0x00000000d9d80000)
 Metaspace       used 84757K, committed 86464K, reserved 1179648K
  class space    used 9974K, committed 10752K, reserved 1048576K
}
Event: 26.909 GC heap after
{Heap after GC invocations=1459 (full 4):
 PSYoungGen      total 9216K, used 3242K [0x00000000eab00000, 0x00000000eb800000, 0x0000000100000000)
  eden space 5632K, 0% used [0x00000000eab00000,0x00000000eab00000,0x00000000eb080000)
  from space 3584K, 90% used [0x00000000eb480000,0x00000000eb7aab90,0x00000000eb800000)
  to   space 3584K, 0% used [0x00000000eb100000,0x00000000eb100000,0x00000000eb480000)
 ParOldGen       total 425472K, used 425422K [0x00000000c0000000, 0x00000000d9f80000, 0x00000000eab00000)
  object space 425472K, 99% used [0x00000000c0000000,0x00000000d9f73970,0x00000000d9f80000)
 Metaspace       used 84757K, committed 86464K, reserved 1179648K
  class space    used 9974K, committed 10752K, reserved 1048576K
}

